gavrasm Gerd's AVR assembler version 5.4 (C)2022 by DG4FAC
----------------------------------------------------------
Quelldatei:  startup_attiny_2313_vtable.s
Hexdatei:    startup_attiny_2313_vtable.hex
Eepromdatei: startup_attiny_2313_vtable.eep
Kompiliert:  03.11.2023, 16:10:27
Durchgang:   2
     1: .LIST
     2: .DEVICE ATTINY2313
     3: 
     4: .EQU RESET_ADDR         =   0x0000;
     5: .EQU EXT_INT1_ADDR      =   0x0001;
     6: .EQU EXT_INT0_ADDR      =   0x0002;
     7: .EQU TIMER1_CAPT_ADDR   =   0x0003;
     8: .EQU TIMER1_COMPA_ADDR  =   0x0004;
     9: .EQU TIMER1_OVF_ADDR    =   0x0005;
    10: .EQU TIMER0_OVF_ADDR    =   0x0006;
    11: .EQU USART0_RX_ADDR     =   0x0007;
    12: .EQU USART0_UDRE_ADDR   =   0x0008;
    13: .EQU USART0_TX_ADDR     =   0x0009;
    14: .EQU ANALOG_COMP_ADDR   =   0x000A;
    15: .EQU PCINT_ADDR         =   0x000B;
    16: .EQU TIMER1_COMPB_ADDR  =   0x000C;
    17: .EQU TIMER0_COMPA_ADDR  =   0x000D;
    18: .EQU TIMER0_COMPB_ADDR  =   0x000E;
    19: .EQU USI_START_ADDR     =   0x000F;
    20: .EQU USI_OVERFLOW_ADDR  =   0x0010;
    21: .EQU EE_READY_ADDR      =   0x0011;
    22: .EQU WDT_OVERFLOW_ADDR  =   0x0012;
    23: 
    24: .ORG 0x0000
Fehler ==>     RJMP RESET;
[startup_attiny_2313_vtable.s,25] 007: Undefinierte Konstante, Variable, Marke oder Device (RESET)!
Fehler ==>     RJMP RESET;
[startup_attiny_2313_vtable.s,25] 007: Undefinierte Konstante, Variable, Marke oder Device (RESET)!
    25: 000000   C000  RJMP RESET;
Fehler ==>     RJMP EXT_INT0;
[startup_attiny_2313_vtable.s,26] 007: Undefinierte Konstante, Variable, Marke oder Device (EXT_INT0)!
Fehler ==>     RJMP EXT_INT0;
[startup_attiny_2313_vtable.s,26] 007: Undefinierte Konstante, Variable, Marke oder Device (EXT_INT0)!
    26: 000001   C000  RJMP EXT_INT0;
Fehler ==>     RJMP EXT_INT1;
[startup_attiny_2313_vtable.s,27] 007: Undefinierte Konstante, Variable, Marke oder Device (EXT_INT1)!
Fehler ==>     RJMP EXT_INT1;
[startup_attiny_2313_vtable.s,27] 007: Undefinierte Konstante, Variable, Marke oder Device (EXT_INT1)!
    27: 000002   C000  RJMP EXT_INT1;
Fehler ==>     RJMP TIMER1_CAPT;
[startup_attiny_2313_vtable.s,28] 007: Undefinierte Konstante, Variable, Marke oder Device (TIMER1_CAPT)!
Fehler ==>     RJMP TIMER1_CAPT;
[startup_attiny_2313_vtable.s,28] 007: Undefinierte Konstante, Variable, Marke oder Device (TIMER1_CAPT)!
    28: 000003   C000  RJMP TIMER1_CAPT;
Fehler ==>     RJMP TIMER1_COMPA;
[startup_attiny_2313_vtable.s,29] 007: Undefinierte Konstante, Variable, Marke oder Device (TIMER1_COMPA)!
Fehler ==>     RJMP TIMER1_COMPA;
[startup_attiny_2313_vtable.s,29] 007: Undefinierte Konstante, Variable, Marke oder Device (TIMER1_COMPA)!
    29: 000004   C000  RJMP TIMER1_COMPA;
Fehler ==>     RJMP TIMER1_OVF;
[startup_attiny_2313_vtable.s,30] 007: Undefinierte Konstante, Variable, Marke oder Device (TIMER1_OVF)!
Fehler ==>     RJMP TIMER1_OVF;
[startup_attiny_2313_vtable.s,30] 007: Undefinierte Konstante, Variable, Marke oder Device (TIMER1_OVF)!
    30: 000005   C000  RJMP TIMER1_OVF;
Fehler ==>     RJMP TIMER0_OVF;
[startup_attiny_2313_vtable.s,31] 007: Undefinierte Konstante, Variable, Marke oder Device (TIMER0_OVF)!
Fehler ==>     RJMP TIMER0_OVF;
[startup_attiny_2313_vtable.s,31] 007: Undefinierte Konstante, Variable, Marke oder Device (TIMER0_OVF)!
    31: 000006   C000  RJMP TIMER0_OVF;
Fehler ==>     RJMP USART0_RX;
[startup_attiny_2313_vtable.s,32] 007: Undefinierte Konstante, Variable, Marke oder Device (USART0_RX)!
Fehler ==>     RJMP USART0_RX;
[startup_attiny_2313_vtable.s,32] 007: Undefinierte Konstante, Variable, Marke oder Device (USART0_RX)!
    32: 000007   C000  RJMP USART0_RX;
Fehler ==>     RJMP USART0_UDRE;
[startup_attiny_2313_vtable.s,33] 007: Undefinierte Konstante, Variable, Marke oder Device (USART0_UDRE)!
Fehler ==>     RJMP USART0_UDRE;
[startup_attiny_2313_vtable.s,33] 007: Undefinierte Konstante, Variable, Marke oder Device (USART0_UDRE)!
    33: 000008   C000  RJMP USART0_UDRE;
Fehler ==>     RJMP USART0_TX;
[startup_attiny_2313_vtable.s,34] 007: Undefinierte Konstante, Variable, Marke oder Device (USART0_TX)!
Fehler ==>     RJMP USART0_TX;
[startup_attiny_2313_vtable.s,34] 007: Undefinierte Konstante, Variable, Marke oder Device (USART0_TX)!
    34: 000009   C000  RJMP USART0_TX;
Fehler ==>     RJMP ANALOG_COMP;
[startup_attiny_2313_vtable.s,35] 007: Undefinierte Konstante, Variable, Marke oder Device (ANALOG_COMP)!
Fehler ==>     RJMP ANALOG_COMP;
[startup_attiny_2313_vtable.s,35] 007: Undefinierte Konstante, Variable, Marke oder Device (ANALOG_COMP)!
    35: 00000A   C000  RJMP ANALOG_COMP;
Fehler ==>     RJMP PCINT;
[startup_attiny_2313_vtable.s,36] 007: Undefinierte Konstante, Variable, Marke oder Device (PCINT)!
Fehler ==>     RJMP PCINT;
[startup_attiny_2313_vtable.s,36] 007: Undefinierte Konstante, Variable, Marke oder Device (PCINT)!
    36: 00000B   C000  RJMP PCINT;
Fehler ==>     RJMP TIMER1_COMPB;
[startup_attiny_2313_vtable.s,37] 007: Undefinierte Konstante, Variable, Marke oder Device (TIMER1_COMPB)!
Fehler ==>     RJMP TIMER1_COMPB;
[startup_attiny_2313_vtable.s,37] 007: Undefinierte Konstante, Variable, Marke oder Device (TIMER1_COMPB)!
    37: 00000C   C000  RJMP TIMER1_COMPB;
Fehler ==>     RJMP TIMER0_COMPA;
[startup_attiny_2313_vtable.s,38] 007: Undefinierte Konstante, Variable, Marke oder Device (TIMER0_COMPA)!
Fehler ==>     RJMP TIMER0_COMPA;
[startup_attiny_2313_vtable.s,38] 007: Undefinierte Konstante, Variable, Marke oder Device (TIMER0_COMPA)!
    38: 00000D   C000  RJMP TIMER0_COMPA;
Fehler ==>     RJMP TIMER0_COMPB;
[startup_attiny_2313_vtable.s,39] 007: Undefinierte Konstante, Variable, Marke oder Device (TIMER0_COMPB)!
Fehler ==>     RJMP TIMER0_COMPB;
[startup_attiny_2313_vtable.s,39] 007: Undefinierte Konstante, Variable, Marke oder Device (TIMER0_COMPB)!
    39: 00000E   C000  RJMP TIMER0_COMPB;
Fehler ==>     RJMP USI_START;
[startup_attiny_2313_vtable.s,40] 007: Undefinierte Konstante, Variable, Marke oder Device (USI_START)!
Fehler ==>     RJMP USI_START;
[startup_attiny_2313_vtable.s,40] 007: Undefinierte Konstante, Variable, Marke oder Device (USI_START)!
    40: 00000F   C000  RJMP USI_START;
Fehler ==>     RJMP USI_OVERFLOW;
[startup_attiny_2313_vtable.s,41] 007: Undefinierte Konstante, Variable, Marke oder Device (USI_OVERFLOW)!
Fehler ==>     RJMP USI_OVERFLOW;
[startup_attiny_2313_vtable.s,41] 007: Undefinierte Konstante, Variable, Marke oder Device (USI_OVERFLOW)!
    41: 000010   C000  RJMP USI_OVERFLOW;
Fehler ==>     RJMP EE_READY;
[startup_attiny_2313_vtable.s,42] 007: Undefinierte Konstante, Variable, Marke oder Device (EE_READY)!
Fehler ==>     RJMP EE_READY;
[startup_attiny_2313_vtable.s,42] 007: Undefinierte Konstante, Variable, Marke oder Device (EE_READY)!
    42: 000011   C000  RJMP EE_READY;
Fehler ==>     RJMP WDT_OVERFLOW;
[startup_attiny_2313_vtable.s,43] 007: Undefinierte Konstante, Variable, Marke oder Device (WDT_OVERFLOW)!
Fehler ==>     RJMP WDT_OVERFLOW;
[startup_attiny_2313_vtable.s,43] 007: Undefinierte Konstante, Variable, Marke oder Device (WDT_OVERFLOW)!
    43: 000012   C000  RJMP WDT_OVERFLOW;
Kompilation abgebrochen, 38 Fehler!
